{"/Users/leonie/Coding/Exercises/rock-paper-scissors-master/app.js": {"path":"/Users/leonie/Coding/Exercises/rock-paper-scissors-master/app.js","statementMap":{"0":{"start":{"line":4,"column":13},"end":{"line":23,"column":1}},"1":{"start":{"line":26,"column":14},"end":{"line":30,"column":1}},"2":{"start":{"line":50,"column":19},"end":{"line":59,"column":1}},"3":{"start":{"line":51,"column":2},"end":{"line":51,"column":21}},"4":{"start":{"line":52,"column":2},"end":{"line":52,"column":24}},"5":{"start":{"line":63,"column":0},"end":{"line":70,"column":3}},"6":{"start":{"line":64,"column":22},"end":{"line":64,"column":62}},"7":{"start":{"line":65,"column":25},"end":{"line":65,"column":68}},"8":{"start":{"line":66,"column":21},"end":{"line":66,"column":60}},"9":{"start":{"line":67,"column":2},"end":{"line":67,"column":52}},"10":{"start":{"line":68,"column":2},"end":{"line":68,"column":55}},"11":{"start":{"line":69,"column":2},"end":{"line":69,"column":51}}},"fnMap":{"0":{"name":"(anonymous_0)","decl":{"start":{"line":50,"column":19},"end":{"line":50,"column":20}},"loc":{"start":{"line":50,"column":26},"end":{"line":59,"column":1}},"line":50},"1":{"name":"(anonymous_1)","decl":{"start":{"line":63,"column":46},"end":{"line":63,"column":47}},"loc":{"start":{"line":63,"column":58},"end":{"line":70,"column":1}},"line":63}},"branchMap":{},"s":{"0":1,"1":1,"2":1,"3":0,"4":0,"5":1,"6":0,"7":0,"8":0,"9":0,"10":0,"11":0},"f":{"0":0,"1":0},"b":{},"_coverageSchema":"1a1c01bbd47fc00a2c39e90264f33305004495a9","hash":"540023bbc40b9d576f591a11822adf2252a96375"}
}
